<?xml version="1.0" encoding="UTF-8"?>
<coverage generated="1765163083887" clover="3.2.0">
  <project timestamp="1765163083888" name="All files">
    <metrics statements="3" coveredstatements="3" conditionals="0" coveredconditionals="0" methods="1" coveredmethods="1" elements="4" coveredelements="4" complexity="0" loc="3" ncloc="3" packages="1" files="2" classes="2"/>
    <file name="app.js" path="/Users/s-a-c/Herd/chirper/resources/js/app.js">
      <metrics statements="1" coveredstatements="1" conditionals="0" coveredconditionals="0" methods="1" coveredmethods="1"/>
      <line num="7" count="4" type="stmt"/>
    </file>
    <file name="bootstrap.js" path="/Users/s-a-c/Herd/chirper/resources/js/bootstrap.js">
      <metrics statements="2" coveredstatements="2" conditionals="0" coveredconditionals="0" methods="0" coveredmethods="0"/>
      <line num="4" count="7" type="stmt"/>
      <line num="6" count="7" type="stmt"/>
    </file>
  </project>
</coverage>
