{"/Users/s-a-c/Herd/chirper/resources/js/app.js": {"path":"/Users/s-a-c/Herd/chirper/resources/js/app.js","statementMap":{"0":{"start":{"line":7,"column":29},"end":{"line":10,"column":1}}},"fnMap":{"0":{"name":"(anonymous_0)","decl":{"start":{"line":7,"column":29},"end":{"line":7,"column":30}},"loc":{"start":{"line":7,"column":35},"end":{"line":10,"column":1}},"line":7}},"branchMap":{},"s":{"0":4},"f":{"0":1},"b":{},"meta":{"lastBranch":0,"lastFunction":1,"lastStatement":1,"seen":{"s:7:29:10:1":0,"f:7:29:7:30":0}}}
,"/Users/s-a-c/Herd/chirper/resources/js/bootstrap.js": {"path":"/Users/s-a-c/Herd/chirper/resources/js/bootstrap.js","statementMap":{"0":{"start":{"line":4,"column":0},"end":{"line":4,"column":null}},"1":{"start":{"line":6,"column":0},"end":{"line":6,"column":null}}},"fnMap":{},"branchMap":{},"s":{"0":7,"1":7},"f":{},"b":{},"meta":{"lastBranch":0,"lastFunction":0,"lastStatement":2,"seen":{"s:4:0:4:Infinity":0,"s:6:0:6:Infinity":1}}}
}
